<?xml version="1.0" encoding="UTF-8"?>
<!-- Generated by org.testng.reporters.JUnitReportReporter -->
<testsuite skipped="0" hostname="LAPTOP-9K1UP76I" name="demo" tests="1" failures="0" timestamp="2022-03-23T11:32:54 IST" time="8.674" errors="0">
  <testcase name="opengoogle" time="8.674" classname="demo"/>
  <system-out/>
</testsuite> <!-- demo -->
