<?xml version="1.0" encoding="UTF-8"?>
<!-- Generated by org.testng.reporters.JUnitReportReporter -->
<testsuite skipped="0" hostname="LAPTOP-9K1UP76I" name="com.actitime.testscript.Createcustomer" tests="1" failures="0" timestamp="2022-03-23T20:00:18 IST" time="25.882" errors="0">
  <testcase name="testCreatecustomer" time="25.882" classname="com.actitime.testscript.Createcustomer"/>
  <system-out>
    <![CDATA[login]]>
  </system-out>
</testsuite> <!-- com.actitime.testscript.Createcustomer -->
